<?xml version="1.0" encoding="UTF-8"?>
<!-- Generated by org.testng.reporters.JUnitXMLReporter -->
<testsuite ignored="0" hostname="Ishans-MacBook-Pro.local" failures="0" tests="3" name="Surefire test" time="0.022" errors="0" timestamp="2022-01-08T12:08:38 AEDT">
  <testcase classname="MerkleTreeTest" name="testMerklePath" time="0.007"/>
  <testcase classname="MerkleTreeTest" name="testVerifyContent" time="0.0"/>
  <testcase classname="MerkleTreeTest" name="testVerifyTree" time="0.0"/>
</testsuite> <!-- Surefire test -->
