<?xml version="1.0" encoding="UTF-8"?>
<testng-results ignored="0" total="3" passed="3" failed="0" skipped="0">
  <reporter-output>
  </reporter-output>
  <suite started-at="2022-01-08T12:08:38 AEDT" name="Surefire suite" finished-at="2022-01-08T12:08:38 AEDT" duration-ms="22">
    <groups>
    </groups>
    <test started-at="2022-01-08T12:08:38 AEDT" name="Surefire test" finished-at="2022-01-08T12:08:38 AEDT" duration-ms="22">
      <class name="MerkleTreeTest">
        <test-method signature="testMerklePath()[pri:0, instance:MerkleTreeTest@7a3d45bd]" started-at="2022-01-08T12:08:38 AEDT" name="testMerklePath" finished-at="2022-01-08T12:08:38 AEDT" duration-ms="7" status="PASS">
          <reporter-output>
          </reporter-output>
        </test-method> <!-- testMerklePath -->
        <test-method signature="testVerifyContent()[pri:0, instance:MerkleTreeTest@7a3d45bd]" started-at="2022-01-08T12:08:38 AEDT" name="testVerifyContent" finished-at="2022-01-08T12:08:38 AEDT" duration-ms="0" status="PASS">
          <reporter-output>
          </reporter-output>
        </test-method> <!-- testVerifyContent -->
        <test-method signature="testVerifyTree()[pri:0, instance:MerkleTreeTest@7a3d45bd]" started-at="2022-01-08T12:08:38 AEDT" name="testVerifyTree" finished-at="2022-01-08T12:08:38 AEDT" duration-ms="0" status="PASS">
          <reporter-output>
          </reporter-output>
        </test-method> <!-- testVerifyTree -->
      </class> <!-- MerkleTreeTest -->
    </test> <!-- Surefire test -->
  </suite> <!-- Surefire suite -->
</testng-results>
