<?xml version="1.0" encoding="UTF-8"?>
<testsuite xmlns:xsi="http://www.w3.org/2001/XMLSchema-instance" xsi:noNamespaceSchemaLocation="https://maven.apache.org/surefire/maven-surefire-plugin/xsd/surefire-test-report.xsd" name="MerkleTreeTest" time="0.178" tests="3" errors="0" skipped="0" failures="0">
  <properties>
[...]
</properties>
  <testcase name="testMerklePath" classname="MerkleTreeTest" time="0.007"/>
  <testcase name="testVerifyContent" classname="MerkleTreeTest" time="0"/>
  <testcase name="testVerifyTree" classname="MerkleTreeTest" time="0"/>
</testsuite>